<?xml version="1.0" encoding="UTF-8"?>
<!-- Generated by org.testng.reporters.JUnitReportReporter -->
<testsuite hostname="DESKTOP-9PJSACO" name="Academy.ValidateNavBar" tests="1" failures="0" timestamp="7 Oct 2019 05:44:53 GMT" time="24.893" errors="0">
  <testcase name="basepagenavigation" time="24.893" classname="Academy.ValidateNavBar"/>
</testsuite> <!-- Academy.ValidateNavBar -->
